56554	123344
load sim finished!
load sim finished!
200
400
600
800
1000
1200
1400
1600
1800
2000
2200
2400
2600
2800
3000
3200
3400
3600
3800
4000
4200
4400
4600
56554	123344
load sim finished!
load sim finished!
200
400
600
800
1000
1200
1400
1600
1800
2000
2200
2400
2600
2800
3000
3200
3400
3600
3800
4000
4200
4400
4600
56554	123344
load sim finished!
load sim finished!
200
400
600
800
1000
1200
1400
1600
1800
2000
2200
2400
2600
2800
3000
3200
3400
3600
3800
4000
4200
4400
4600
56554	123344
load sim finished!
load sim finished!
200
400
600
800
1000
1200
1400
1600
1800
2000
2200
2400
2600
2800
3000
3200
3400
3600
3800
4000
4200
4400
4600
56554	123344
56554	123344
load sim finished!
load sim finished!
load sim finished!
load sim finished!
200
200
400
400
600
600
800
800
1000
1000
1200
1200
1400
1400
1600
1600
1800
1800
2000
2000
2200
2200
2400
2400
2600
2600
2800
2800
3000
3000
3200
3200
3400
3400
3600
3600
3800
3800
4000
4000
4200
4200
4400
4400
4600
4600
56554	123344
56554	123344
load sim finished!
load sim finished!
load sim finished!
load sim finished!
200
200
400
400
600
600
800
800
1000
1000
1200
1200
1400
1400
1600
1600
1800
1800
2000
2000
2200
2200
2400
2400
2600
2600
2800
2800
3000
3000
3200
3200
3400
3400
3600
3600
3800
3800
4000
4000
4200
4200
4400
4400
4600
4600
56554	123344
56554	123344
load sim finished!
load sim finished!
load sim finished!
load sim finished!
200
200
400
400
600
600
800
800
1000
1000
1200
1200
1400
1400
1600
1600
1800
1800
2000
2000
2200
2200
2400
2400
2600
2600
2800
2800
3000
3000
3200
3200
3400
3400
3600
3600
3800
3800
4000
4000
4200
4200
4400
4600
4400
4600
56554	123344	440237
56554	123343	435449
load sim finished!
load sim finished!
load sim finished!
load sim finished!
56554	123344	440237
56554	123343	435449
56554	123344	440237
56554	123343	435449
load sim finished!
load sim finished!
load sim finished!
load sim finished!
56554	123344	440237
56554	123343	435449
load sim finished!
load sim finished!
load sim finished!
load sim finished!
56554	123344	440237
56554	123343	435449
load sim finished!
load sim finished!
load sim finished!
load sim finished!
56554	123344	440237
56554	123343	435449
load sim finished!
load sim finished!
load sim finished!
load sim finished!
